[0414/220546:INFO:(0)] WebCore is now online.
[0414/220546:INFO:(0)] Running Awesomium 1.7.5.1
[0414/220900:WARNING:Awesomium.NET(0)] System.ComponentModel.InvalidAsynchronousStateException: An error occurred invoking the method.  The destination thread no longer exists.
   at System.Windows.Forms.WindowsFormsSynchronizationContext.Send(SendOrPostCallback d, Object state)
   at Awesomium.Core.WebCore.wvjjlbeQdqUVO5E6FXD(Object , Object , Object )
   at Awesomium.Core.WebCore.ioXQMTP1sf()
[0414/223651:INFO:(0)] WebCore is now online.
[0414/223651:INFO:(0)] Running Awesomium 1.7.5.1
[0414/223904:WARNING:Awesomium.NET(0)] System.ComponentModel.InvalidAsynchronousStateException: An error occurred invoking the method.  The destination thread no longer exists.
   at System.Windows.Forms.Control.WaitForWaitHandle(WaitHandle waitHandle)
   at System.Windows.Forms.Control.MarshaledInvoke(Control caller, Delegate method, Object[] args, Boolean synchronous)
   at System.Windows.Forms.Control.Invoke(Delegate method, Object[] args)
   at System.Windows.Forms.WindowsFormsSynchronizationContext.Send(SendOrPostCallback d, Object state)
   at Awesomium.Core.WebCore.wvjjlbeQdqUVO5E6FXD(Object , Object , Object )
   at Awesomium.Core.WebCore.ioXQMTP1sf()
[0415/093043:INFO:(0)] WebCore is now online.
[0415/093043:INFO:(0)] Running Awesomium 1.7.5.1
[0415/093046:WARNING:Awesomium.NET(0)] System.TimeoutException: The operation has timed out. The child process or the I/O thread, are busy. Please try to create the object again.
   at Awesomium.Windows.Forms.WebControl.CreateGlobalJavascriptObject(String name)
   at Awesomium.Core.JavascriptHelper.Register()
[0415/093110:ERROR:ipc_channel_win.cc(360)] pipe error: 232
[0415/093120:WARNING:Awesomium.NET(0)] System.ComponentModel.InvalidAsynchronousStateException: An error occurred invoking the method.  The destination thread no longer exists.
   at System.Windows.Forms.WindowsFormsSynchronizationContext.Send(SendOrPostCallback d, Object state)
   at Awesomium.Core.WebCore.wvjjlbeQdqUVO5E6FXD(Object , Object , Object )
   at Awesomium.Core.WebCore.ioXQMTP1sf()
[0415/094944:INFO:(0)] WebCore is now online.
[0415/094944:INFO:(0)] Running Awesomium 1.7.5.1
[0415/094953:WARNING:Awesomium.NET(0)] System.ComponentModel.InvalidAsynchronousStateException: An error occurred invoking the method.  The destination thread no longer exists.
   at System.Windows.Forms.WindowsFormsSynchronizationContext.Send(SendOrPostCallback d, Object state)
   at Awesomium.Core.WebCore.wvjjlbeQdqUVO5E6FXD(Object , Object , Object )
   at Awesomium.Core.WebCore.ioXQMTP1sf()
